2021-06-21 15:56:01.7277042Z (Bradley.Morris) - Commit and Push
 M Columns.sql
 M EntityNumber.sql
 M ForeignKey.sql
 M Index.sql
 M README.md
?? .vs/
?? CAP.ps1
?? SQLAgentScripting/

2021-06-21 15:58:17.7252319Z (36WSP93 AAONINC\Bradley.Morris) - Commit and Push
 M CAP.ps1

2021-06-21 15:58:39.5459857Z (36WSP93:AAONINC\Bradley.Morris) - Commit and Push
 M CAP.ps1

2021-06-21 16:00:12.5176669Z (36WSP93:AAONINC\Bradley.Morris) - Commit and Push
 M SQLAgentScripting/README.md

2021-06-21 18:31:08.5028704Z (36WSP93:AAONINC\Bradley.Morris) - Commit and Push
 M CAP.ps1
?? PowerShell/

2021-06-21 18:49:47.2854299Z (36WSP93:AAONINC\Bradley.Morris) - No Changes
2021-06-21 18:57:31.5857220Z (36WSP93:AAONINC\Bradley.Morris) - Commit and Push
 M CAP.log
 M CAP.ps1

2021-06-21 18:57:47.0949923Z (36WSP93:AAONINC\Bradley.Morris) - No Changes
2021-06-21 18:58:09.7718215Z (36WSP93:AAONINC\Bradley.Morris) - Commit and Push
 M CAP.log

2021-06-21 18:59:00.1554969Z (36WSP93:AAONINC\Bradley.Morris) - Commit and Push
 M CAP.ps1

2021-06-21 19:00:00.3310410Z (36WSP93:AAONINC\Bradley.Morris) - Commit and Push
 M CAP.ps1

2021-06-21 19:00:48.0861505Z (36WSP93:AAONINC\Bradley.Morris) - Commit and Push
 M CAP.ps1

2021-06-21 19:07:03.9347164Z (36WSP93:AAONINC\Bradley.Morris) - Commit and Push
 M CAP.ps1
 M README.md

2021-06-21 19:21:19.4933944Z (36WSP93:AAONINC\Bradley.Morris) - Commit and Push
 M .gitignore
 M README.md
?? .vs/
?? CAP.log
?? CAP.ps1
?? Columns.sql
?? Docs/
?? EntityNumber.sql
?? ForeignKey.sql
?? Index.sql
?? PowerShell/
?? SQLAgentScripting/

2021-06-21 19:33:07.1436019Z (36WSP93:AAONINC\Bradley.Morris) - Commit and Push
 M CAP.ps1

2021-06-21 19:53:49.3049541Z (36WSP93:AAONINC\Bradley.Morris) - Commit and Push
 M CAP.ps1

2021-06-21 19:54:36.5906189Z (36WSP93:AAONINC\Bradley.Morris) - No Changes
2021-06-21 19:59:56.0213133Z (36WSP93:AAONINC\Bradley.Morris) - Commit and Push
 M CAP.log

2021-06-21 21:00:23.2258269Z (Bradley.Morris@36WSP93) - Commit and Push
 M CAP.ps1

2021-06-22 13:14:48.4107322Z (Bradley.Morris@36WSP93) - No Changes
2021-06-22 14:33:02.1164718Z (Bradley.Morris@36WSP93) - Commit and Push
 M CAP.log
 M PowerShell/Functions/RandomStringFunctions.ps1

2021-06-22 14:35:08.7503515Z (Bradley.Morris@36WSP93) - Commit and Push
 M PowerShell/Functions/RandomStringFunctions.ps1

2021-06-22 14:48:57.0400435Z (Bradley.Morris@36WSP93) - Commit and Push
 M SQLAgentScripting/README.md
?? PowerShell/Functions/README.md

2021-06-22 14:51:15.5509155Z (Bradley.Morris@36WSP93) - Commit and Push
?? PowerShell/README.md

2021-06-22 14:51:52.8952130Z (Bradley.Morris@36WSP93) - Commit and Push
 M PowerShell/README.md

2021-06-22 14:56:43.3436617Z (Bradley.Morris@36WSP93) - Commit and Push
 M PowerShell/Functions/README.md

2021-06-22 14:59:06.3838957Z (Bradley.Morris@36WSP93) - Commit and Push
 M PowerShell/Functions/README.md

2021-06-22 15:10:46.4319386Z (Bradley.Morris@36WSP93) - Commit and Push
 M PowerShell/Functions/DateTimeFunctions.ps1
 M PowerShell/Functions/README.md
 M PowerShell/Functions/RandomStringFunctions.ps1

2021-06-22 15:13:07.3806918Z (Bradley.Morris@36WSP93) - !CAP!
 M CAP.ps1

2021-06-22 15:14:14.2818971Z (Bradley.Morris@36WSP93) - !CAP!
 M README.md

2021-06-24 14:02:38.1553347Z (Bradley.Morris@36WSP93) - !CAP!
 M CAP.ps1
 M PowerShell/Functions/RandomStringFunctions.ps1
 M PowerShell/README.md
 M README.md

2021-06-24 14:06:00.0456984Z (Bradley.Morris@36WSP93) - !CAP!
 M README.md

2021-06-24 14:08:13.9680317Z (Bradley.Morris@36WSP93) - !CAP!
 M README.md

2021-06-24 14:39:15.8956663Z (Bradley.Morris@36WSP93) - !CAP!
 M README.md

2021-06-24 14:40:21.3448281Z (Bradley.Morris@36WSP93) - !CAP!
 M README.md

2021-06-24 15:02:41.7824047Z (Bradley.Morris@36WSP93) - !CAP!
 M README.md

2021-06-24 15:04:46.0928231Z (Bradley.Morris@36WSP93) - !CAP!
 M README.md
?? RepositoryBashFunctions.sh

2021-06-24 15:06:18.8519128Z (Bradley.Morris@36WSP93) - !CAP!
 M README.md

2021-06-24 22:44:16.8279951Z (Bradley.Morris@36WSP93) - !CAP!
 M RepositoryBashFunctions.sh

2021-06-25 15:33:02.8974837Z (Bradley.Morris@36WSP93) - !CAP!
 M PowerShell/README.md
 M README.md

2021-06-25 17:09:29.2168910Z (Bradley.Morris@36WSP93) - No Changes
2021-06-28 14:14:50.4918099Z (Bradley.Morris@36WSP93) - !CAP!
 M CAP.log
 M README.md
 M RepositoryBashFunctions.sh

2021-06-28 19:56:31.6123128Z (Bradley.Morris@36WSP93) - !CAP!
 M README.md
 M RepositoryBashFunctions.sh

